c:\users\yoon\desktop\알고리즘s\algorithm_training\consoleapplication1\consoleapplication1\debug\vc140.pdb
c:\users\yoon\desktop\알고리즘s\algorithm_training\consoleapplication1\consoleapplication1\debug\vc140.idb
c:\users\yoon\desktop\알고리즘s\algorithm_training\consoleapplication1\consoleapplication1\debug\source.obj
c:\users\yoon\desktop\알고리즘s\algorithm_training\consoleapplication1\consoleapplication1\debug\q_1463.obj
c:\users\yoon\desktop\알고리즘s\algorithm_training\consoleapplication1\consoleapplication1\debug\q_11726.obj
c:\users\yoon\desktop\알고리즘s\algorithm_training\consoleapplication1\consoleapplication1\debug\q_9095.obj
c:\users\yoon\desktop\알고리즘s\algorithm_training\consoleapplication1\consoleapplication1\debug\q_11052.obj
c:\users\yoon\desktop\알고리즘s\algorithm_training\consoleapplication1\consoleapplication1\debug\q_10844.obj
c:\users\yoon\desktop\알고리즘s\algorithm_training\consoleapplication1\consoleapplication1\debug\q_11057.obj
c:\users\yoon\desktop\알고리즘s\algorithm_training\consoleapplication1\consoleapplication1\debug\q_2193.obj
c:\users\yoon\desktop\알고리즘s\algorithm_training\consoleapplication1\consoleapplication1\debug\q_9465.obj
c:\users\yoon\desktop\알고리즘s\algorithm_training\consoleapplication1\consoleapplication1\debug\q_2156.obj
c:\users\yoon\desktop\알고리즘s\algorithm_training\consoleapplication1\consoleapplication1\debug\q_11053.obj
c:\users\yoon\desktop\알고리즘s\algorithm_training\consoleapplication1\consoleapplication1\debug\q_1912.obj
c:\users\yoon\desktop\알고리즘s\algorithm_training\consoleapplication1\consoleapplication1\debug\picnic.obj
c:\users\yoon\desktop\알고리즘s\algorithm_training\consoleapplication1\consoleapplication1\debug\source1.obj
c:\users\yoon\desktop\알고리즘s\algorithm_training\consoleapplication1\consoleapplication1\debug\lunch_time.obj
c:\users\yoon\desktop\알고리즘s\algorithm_training\consoleapplication1\consoleapplication1\debug\q_11650.obj
c:\users\yoon\desktop\알고리즘s\algorithm_training\consoleapplication1\consoleapplication1\debug\q_11651.obj
c:\users\yoon\desktop\알고리즘s\algorithm_training\consoleapplication1\consoleapplication1\debug\q_10814.obj
c:\users\yoon\desktop\알고리즘s\algorithm_training\consoleapplication1\consoleapplication1\debug\q_10825.obj
c:\users\yoon\desktop\알고리즘s\algorithm_training\consoleapplication1\consoleapplication1\debug\q_10989.obj
c:\users\yoon\desktop\알고리즘s\algorithm_training\consoleapplication1\consoleapplication1\debug\q_10992.obj
c:\users\yoon\desktop\알고리즘s\algorithm_training\consoleapplication1\consoleapplication1\debug\q_11652.obj
c:\users\yoon\desktop\알고리즘s\algorithm_training\consoleapplication1\consoleapplication1\debug\q_11004.obj
c:\users\yoon\desktop\알고리즘s\algorithm_training\consoleapplication1\consoleapplication1\debug\q_1377.obj
c:\users\yoon\desktop\알고리즘s\algorithm_training\consoleapplication1\consoleapplication1\debug\q_14499.obj
c:\users\yoon\desktop\알고리즘s\algorithm_training\consoleapplication1\consoleapplication1\debug\q_14891.obj
c:\users\yoon\desktop\알고리즘s\algorithm_training\consoleapplication1\consoleapplication1\debug\q_14503.obj
c:\users\yoon\desktop\알고리즘s\algorithm_training\consoleapplication1\consoleapplication1\debug\q_3190.obj
c:\users\yoon\desktop\알고리즘s\algorithm_training\consoleapplication1\consoleapplication1\debug\q_3568.obj
c:\users\yoon\desktop\알고리즘s\algorithm_training\consoleapplication1\consoleapplication1\debug\q_14500.obj
c:\users\yoon\desktop\알고리즘s\algorithm_training\consoleapplication1\consoleapplication1\debug\q_15684.obj
c:\users\yoon\desktop\알고리즘s\algorithm_training\consoleapplication1\consoleapplication1\debug\q_2210.obj
c:\users\yoon\desktop\알고리즘s\algorithm_training\consoleapplication1\consoleapplication1\debug\4902.obj
c:\users\yoon\desktop\알고리즘s\algorithm_training\consoleapplication1\consoleapplication1\debug\q_2422.obj
c:\users\yoon\desktop\알고리즘s\algorithm_training\consoleapplication1\consoleapplication1\debug\q_16198.obj
c:\users\yoon\desktop\알고리즘s\algorithm_training\consoleapplication1\consoleapplication1\debug\q_15653.obj
c:\users\yoon\desktop\알고리즘s\algorithm_training\consoleapplication1\debug\consoleapplication1.ilk
c:\users\yoon\desktop\알고리즘s\algorithm_training\consoleapplication1\debug\consoleapplication1.exe
c:\users\yoon\desktop\알고리즘s\algorithm_training\consoleapplication1\debug\consoleapplication1.pdb
c:\users\yoon\desktop\알고리즘s\algorithm_training\consoleapplication1\consoleapplication1\debug\source.obj.enc
c:\users\yoon\desktop\알고리즘s\algorithm_training\consoleapplication1\consoleapplication1\debug\consolea.326823f5.tlog\cl.command.1.tlog
c:\users\yoon\desktop\알고리즘s\algorithm_training\consoleapplication1\consoleapplication1\debug\consolea.326823f5.tlog\cl.read.1.tlog
c:\users\yoon\desktop\알고리즘s\algorithm_training\consoleapplication1\consoleapplication1\debug\consolea.326823f5.tlog\cl.write.1.tlog
c:\users\yoon\desktop\알고리즘s\algorithm_training\consoleapplication1\consoleapplication1\debug\consolea.326823f5.tlog\link.command.1.tlog
c:\users\yoon\desktop\알고리즘s\algorithm_training\consoleapplication1\consoleapplication1\debug\consolea.326823f5.tlog\link.read.1.tlog
c:\users\yoon\desktop\알고리즘s\algorithm_training\consoleapplication1\consoleapplication1\debug\consolea.326823f5.tlog\link.write.1.tlog
